::1 - - [12/Mar/2023:12:20:45 +0200] "GET /phpmyadmin HTTP/1.1" 301 241
::1 - - [12/Mar/2023:12:20:45 +0200] "GET / HTTP/1.1" 200 80745
::1 - - [12/Mar/2023:12:20:45 +0200] "GET /index.php?=PHPE9568F34-D428-11d2-A769-00AA001ACF42 HTTP/1.1" 200 2524
::1 - - [12/Mar/2023:12:20:45 +0200] "GET /index.php?=PHPE9568F35-D428-11d2-A769-00AA001ACF42 HTTP/1.1" 200 2146
::1 - - [12/Mar/2023:12:20:45 +0200] "GET /phpmyadmin/ HTTP/1.1" 200 8091
::1 - - [12/Mar/2023:12:20:45 +0200] "GET /phpmyadmin/themes/pmahomme/jquery/jquery-ui-1.9.2.custom.css HTTP/1.1" 200 32278
::1 - - [12/Mar/2023:12:20:45 +0200] "GET /phpmyadmin/js/get_scripts.js.php?scripts[]=jquery/jquery-1.8.3.js&scripts[]=ajax.js&scripts[]=keyhandler.js&scripts[]=jquery/jquery-ui-1.9.2.custom.js&scripts[]=jquery/jquery.sprintf.js&scripts[]=jquery/jquery.cookie.js&scripts[]=jquery/jquery.mousewheel.js&scripts[]=jquery/jquery.event.drag-2.2.js&scripts[]=jquery/jquery-ui-timepicker-addon.js&scripts[]=jquery/jquery.ba-hashchange-1.3.js&scripts[]=jquery/jquery.debounce-1.0.5.js&scripts[]=jquery/jquery.menuResizer-1.0.js&scripts[]=rte.js&scripts[]=functions.js&scripts[]=navigation.js&scripts[]=indexes.js&scripts[]=common.js&scripts[]=codemirror/lib/codemirror.js&scripts[]=codemirror/mode/mysql/mysql.js HTTP/1.1" 200 578562
::1 - - [12/Mar/2023:12:20:45 +0200] "GET /phpmyadmin/phpmyadmin.css.php?server=1&token=69a3af6b89975592c6db0778bfbc12e0&nocache=5035089097ltr HTTP/1.1" 200 88608
::1 - - [12/Mar/2023:12:20:46 +0200] "GET /phpmyadmin/js/messages.php?lang=en&db=&server=0&token=69a3af6b89975592c6db0778bfbc12e0 HTTP/1.1" 200 16674
::1 - - [12/Mar/2023:12:20:46 +0200] "GET /phpmyadmin/js/get_image.js.php?theme=pmahomme HTTP/1.1" 200 6263
::1 - - [12/Mar/2023:12:20:46 +0200] "GET /phpmyadmin/themes/pmahomme/img/logo_right.png HTTP/1.1" 200 4548
::1 - - [12/Mar/2023:12:20:46 +0200] "GET /phpmyadmin/themes/dot.gif HTTP/1.1" 200 43
::1 - - [12/Mar/2023:12:20:46 +0200] "GET /phpmyadmin/themes/pmahomme/img/sprites.png HTTP/1.1" 200 61899
::1 - - [12/Mar/2023:12:20:50 +0200] "POST /phpmyadmin/index.php HTTP/1.1" 302 -
::1 - - [12/Mar/2023:12:20:50 +0200] "GET /phpmyadmin/index.php?token=69a3af6b89975592c6db0778bfbc12e0 HTTP/1.1" 200 43347
::1 - - [12/Mar/2023:12:20:50 +0200] "GET /phpmyadmin/themes/pmahomme/img/logo_left.png HTTP/1.1" 200 2327
::1 - - [12/Mar/2023:12:20:50 +0200] "GET /phpmyadmin/themes/pmahomme/img/ajax_clock_small.gif HTTP/1.1" 200 1810
::1 - - [12/Mar/2023:12:20:50 +0200] "GET /phpmyadmin/phpmyadmin.css.php?server=1&token=69a3af6b89975592c6db0778bfbc12e0&nocache=6713453132ltr HTTP/1.1" 200 88608
::1 - - [12/Mar/2023:12:20:50 +0200] "GET /phpmyadmin/themes/pmahomme/img/left_nav_bg.png HTTP/1.1" 200 297
::1 - - [12/Mar/2023:12:20:51 +0200] "GET /phpmyadmin/version_check.php?&_nocache=1678616451029602994 HTTP/1.1" 200 39
::1 - - [12/Mar/2023:12:20:57 +0200] "GET /phpmyadmin/server_databases.php?db=&token=69a3af6b89975592c6db0778bfbc12e0&ajax_request=true&ajax_page_request=true&menuHashes=2f1ae6f2&_nocache=1678616457386946058 HTTP/1.1" 200 33882
::1 - - [12/Mar/2023:12:20:57 +0200] "GET /phpmyadmin/js/get_scripts.js.php?scripts[]=server_databases.js HTTP/1.1" 200 1818
::1 - - [12/Mar/2023:12:20:57 +0200] "GET /phpmyadmin/themes/pmahomme/img/arrow_ltr.png HTTP/1.1" 200 139
::1 - - [12/Mar/2023:12:21:04 +0200] "GET /phpmyadmin/server_sql.php?db=&token=69a3af6b89975592c6db0778bfbc12e0&ajax_request=true&ajax_page_request=true&menuHashes=2f1ae6f2-3e476ebf&_nocache=1678616464312799474 HTTP/1.1" 200 6548
::1 - - [12/Mar/2023:12:21:04 +0200] "GET /phpmyadmin/js/get_scripts.js.php?scripts[]=makegrid.js&scripts[]=sql.js HTTP/1.1" 200 35099
::1 - - [12/Mar/2023:12:23:09 +0200] "POST /phpmyadmin/import.php HTTP/1.1" 200 4115
::1 - - [12/Mar/2023:12:23:31 +0200] "GET /phpmyadmin/server_databases.php?db=&token=69a3af6b89975592c6db0778bfbc12e0&ajax_request=true&ajax_page_request=true&menuHashes=2f1ae6f2-3e476ebf-a13a7fb0&_nocache=1678616611052638509 HTTP/1.1" 200 31132
::1 - - [12/Mar/2023:12:23:32 +0200] "GET /phpmyadmin/server_sql.php?db=&token=69a3af6b89975592c6db0778bfbc12e0&ajax_request=true&ajax_page_request=true&menuHashes=2f1ae6f2-3e476ebf-a13a7fb0&_nocache=1678616612189617709 HTTP/1.1" 200 3798
::1 - - [12/Mar/2023:12:23:32 +0200] "GET /phpmyadmin/server_databases.php?db=&token=69a3af6b89975592c6db0778bfbc12e0&ajax_request=true&ajax_page_request=true&menuHashes=2f1ae6f2-3e476ebf-a13a7fb0&_nocache=1678616612894109662 HTTP/1.1" 200 31132
::1 - - [12/Mar/2023:12:24:05 +0200] "GET /phpmyadmin/server_sql.php?db=&token=69a3af6b89975592c6db0778bfbc12e0&ajax_request=true&ajax_page_request=true&menuHashes=2f1ae6f2-3e476ebf-a13a7fb0&_nocache=1678616645413210467 HTTP/1.1" 200 3798
::1 - - [12/Mar/2023:12:24:19 +0200] "POST /phpmyadmin/import.php HTTP/1.1" 200 6697
::1 - - [12/Mar/2023:12:24:40 +0200] "GET /phpmyadmin/server_databases.php?db=&token=69a3af6b89975592c6db0778bfbc12e0&ajax_request=true&ajax_page_request=true&menuHashes=2f1ae6f2-3e476ebf-a13a7fb0&_nocache=167861668004236430 HTTP/1.1" 200 31837
::1 - - [12/Mar/2023:12:24:41 +0200] "GET /phpmyadmin/db_structure.php?token=69a3af6b89975592c6db0778bfbc12e0&db=vardudb&ajax_request=true&ajax_page_request=true&menuHashes=2f1ae6f2-3e476ebf-a13a7fb0&_nocache=1678616681367527347 HTTP/1.1" 200 26521
::1 - - [12/Mar/2023:12:24:41 +0200] "GET /phpmyadmin/js/get_scripts.js.php?scripts[]=db_structure.js&scripts[]=tbl_change.js HTTP/1.1" 200 12382
::1 - - [12/Mar/2023:12:24:50 +0200] "GET /phpmyadmin/sql.php?db=vardudb&token=69a3af6b89975592c6db0778bfbc12e0&goto=db_structure.php&table=definicijas&pos=0&ajax_request=true&ajax_page_request=true&menuHashes=2f1ae6f2-3e476ebf-a13a7fb0-ac2f7103&_nocache=1678616690641743935 HTTP/1.1" 200 10353
::1 - - [12/Mar/2023:12:24:50 +0200] "GET /phpmyadmin/js/get_scripts.js.php?scripts[]=tbl_structure.js&scripts[]=gis_data_editor.js HTTP/1.1" 200 15188
::1 - - [12/Mar/2023:12:24:50 +0200] "GET /phpmyadmin/index.php?ajax_request=1&recent_table=1&token=69a3af6b89975592c6db0778bfbc12e0 HTTP/1.1" 200 466
