[Mon Mar 20 12:25:46.472351 2023] [mpm_winnt:notice] [pid 12784:tid 828] AH00455: Apache/2.4.6 (Win32) PHP/5.4.17 configured -- resuming normal operations
[Mon Mar 20 12:25:46.472351 2023] [mpm_winnt:notice] [pid 12784:tid 828] AH00456: Apache Lounge VC10 Server built: Jul 16 2013 11:15:41
[Mon Mar 20 12:25:46.472351 2023] [core:notice] [pid 12784:tid 828] AH00094: Command line: 'C:\\Users\\istsc\\Desktop\\Jaunvardotajs/apache2/bin/httpd_usbwv8.exe -d C:/Users/istsc/Desktop/Jaunvardotajs/apache2'
[Mon Mar 20 12:25:46.478155 2023] [mpm_winnt:notice] [pid 12784:tid 828] AH00418: Parent: Created child process 13928
[Mon Mar 20 12:25:47.299189 2023] [mpm_winnt:notice] [pid 13928:tid 804] AH00354: Child: Starting 64 worker threads.
[Mon Mar 20 21:18:09.070665 2023] [:error] [pid 13928:tid 1296] [client ::1:55208] PHP Notice:  Undefined variable: definicijas in C:\\Users\\istsc\\Desktop\\Jaunvardotajs\\root\\deleteWord.php on line 54, referer: http://localhost:8080/index.php
[Mon Mar 20 21:18:09.082200 2023] [:error] [pid 13928:tid 1296] [client ::1:55208] PHP Fatal error:  Call to a member function fetch_assoc() on a non-object in C:\\Users\\istsc\\Desktop\\Jaunvardotajs\\root\\deleteWord.php on line 54, referer: http://localhost:8080/index.php
[Mon Mar 20 21:18:29.661750 2023] [:error] [pid 13928:tid 1296] [client ::1:55209] PHP Notice:  Undefined variable: definicijas in C:\\Users\\istsc\\Desktop\\Jaunvardotajs\\root\\deleteWord.php on line 54, referer: http://localhost:8080/index.php
[Mon Mar 20 21:18:29.661750 2023] [:error] [pid 13928:tid 1296] [client ::1:55209] PHP Fatal error:  Call to a member function fetch_assoc() on a non-object in C:\\Users\\istsc\\Desktop\\Jaunvardotajs\\root\\deleteWord.php on line 54, referer: http://localhost:8080/index.php
[Mon Mar 20 21:52:40.746620 2023] [:error] [pid 13928:tid 1296] [client ::1:52545] script 'C:/Users/istsc/Desktop/Jaunvardotajs/root/deleteWordAction.php' not found or unable to stat, referer: http://localhost:8080/deleteWord.php?vards=481&dzest=%F0%9F%97%91%EF%B8%8F
[Mon Mar 20 22:08:31.968146 2023] [:error] [pid 13928:tid 1296] [client ::1:49479] PHP Parse error:  syntax error, unexpected '' (T_ENCAPSED_AND_WHITESPACE), expecting identifier (T_STRING) or variable (T_VARIABLE) or number (T_NUM_STRING) in C:\\Users\\istsc\\Desktop\\Jaunvardotajs\\root\\deleteWordAction.php on line 22, referer: http://localhost:8080/deleteWord.php?vards=481&dzest=%F0%9F%97%91%EF%B8%8F
[Mon Mar 20 22:09:09.495984 2023] [:error] [pid 13928:tid 1296] [client ::1:49480] PHP Parse error:  syntax error, unexpected ')' in C:\\Users\\istsc\\Desktop\\Jaunvardotajs\\root\\deleteWordAction.php on line 33, referer: http://localhost:8080/deleteWord.php?vards=481&dzest=%F0%9F%97%91%EF%B8%8F
[Mon Mar 20 22:09:22.472001 2023] [:error] [pid 13928:tid 1296] [client ::1:49500] PHP Notice:  Undefined index: vards in C:\\Users\\istsc\\Desktop\\Jaunvardotajs\\root\\deleteWord.php on line 53, referer: http://localhost:8080/deleteWord.php?vards=481&dzest=%F0%9F%97%91%EF%B8%8F
[Mon Mar 20 22:09:55.781847 2023] [:error] [pid 13928:tid 1296] [client ::1:49508] PHP Parse error:  syntax error, unexpected 'deleteWordAction' (T_STRING), expecting ',' or ';' in C:\\Users\\istsc\\Desktop\\Jaunvardotajs\\root\\deleteWord.php on line 48, referer: http://localhost:8080/deleteWord.php?vards=481&dzest=%F0%9F%97%91%EF%B8%8F
[Mon Mar 20 22:18:57.612102 2023] [:error] [pid 13928:tid 1296] [client ::1:58528] PHP Parse error:  syntax error, unexpected '{' in C:\\Users\\istsc\\Desktop\\Jaunvardotajs\\root\\deleteWord.php on line 54, referer: http://localhost:8080/index.php
[Mon Mar 20 22:20:01.581083 2023] [:error] [pid 13928:tid 1296] [client ::1:58559] PHP Fatal error:  Call to undefined method mysqli_result::num_rows() in C:\\Users\\istsc\\Desktop\\Jaunvardotajs\\root\\deleteWordAction.php on line 24, referer: http://localhost:8080/deleteWord.php?vards=481&dzest=%F0%9F%97%91%EF%B8%8F
[Mon Mar 20 22:23:04.574575 2023] [:error] [pid 13928:tid 1296] [client ::1:58656] PHP Fatal error:  Call to undefined method mysqli_result::num_rows() in C:\\Users\\istsc\\Desktop\\Jaunvardotajs\\root\\deleteWordAction.php on line 24, referer: http://localhost:8080/deleteWord.php?vards=481&dzest=%F0%9F%97%91%EF%B8%8F
[Mon Mar 20 22:23:04.583578 2023] [:error] [pid 13928:tid 1272] [client ::1:58657] PHP Fatal error:  Call to undefined method mysqli_result::num_rows() in C:\\Users\\istsc\\Desktop\\Jaunvardotajs\\root\\deleteWordAction.php on line 24, referer: http://localhost:8080/deleteWord.php?vards=481&dzest=%F0%9F%97%91%EF%B8%8F
[Mon Mar 20 22:23:12.352026 2023] [:error] [pid 13928:tid 1296] [client ::1:58660] PHP Fatal error:  Call to undefined method mysqli_result::num_rows() in C:\\Users\\istsc\\Desktop\\Jaunvardotajs\\root\\deleteWordAction.php on line 24, referer: http://localhost:8080/deleteWord.php?vards=481&dzest=%F0%9F%97%91%EF%B8%8F
[Mon Mar 20 23:24:42.273921 2023] [:error] [pid 13928:tid 1296] [client ::1:61363] script 'C:/Users/istsc/Desktop/Jaunvardotajs/root/deleteDefinition.php' not found or unable to stat, referer: http://localhost:8080/index.php
