2023-03-09 13:55:52 6956 [Note] Plugin 'FEDERATED' is disabled.
2023-03-09 13:55:52 6956 [Note] InnoDB: The InnoDB memory heap is disabled
2023-03-09 13:55:52 6956 [Note] InnoDB: Mutexes and rw_locks use Windows interlocked functions
2023-03-09 13:55:52 6956 [Note] InnoDB: Compressed tables use zlib 1.2.3
2023-03-09 13:55:52 6956 [Note] InnoDB: Not using CPU crc32 instructions
2023-03-09 13:55:52 6956 [Note] InnoDB: Initializing buffer pool, size = 128.0M
2023-03-09 13:55:52 6956 [Note] InnoDB: Completed initialization of buffer pool
2023-03-09 13:55:52 6956 [Note] InnoDB: Setting log file C:\Users\istsc\Desktop\USBWebserver v8.6\mysql\data\ib_logfile101 size to 5 MB
2023-03-09 13:55:52 6956 [Note] InnoDB: Setting log file C:\Users\istsc\Desktop\USBWebserver v8.6\mysql\data\ib_logfile1 size to 5 MB
2023-03-09 13:55:52 6956 [Note] InnoDB: Renaming log file C:\Users\istsc\Desktop\USBWebserver v8.6\mysql\data\ib_logfile101 to C:\Users\istsc\Desktop\USBWebserver v8.6\mysql\data\ib_logfile0
2023-03-09 13:55:52 6956 [Warning] InnoDB: New log files created, LSN=1626134
2023-03-09 13:55:52 6956 [Note] InnoDB: Highest supported file format is Barracuda.
2023-03-09 13:55:52 6956 [Note] InnoDB: 128 rollback segment(s) are active.
2023-03-09 13:55:52 6956 [Note] InnoDB: Waiting for purge to start
2023-03-09 13:55:52 6956 [Note] InnoDB: 5.6.13 started; log sequence number 1626636
2023-03-09 13:55:52 6956 [Warning] No existing UUID has been found, so we assume that this is the first time that this server has been started. Generating a new UUID: 57965e28-be71-11ed-9209-0a0027000011.
2023-03-09 13:55:52 6956 [Note] Server hostname (bind-address): '*'; port: 3307
2023-03-09 13:55:52 6956 [Note] IPv6 is available.
2023-03-09 13:55:52 6956 [Note]   - '::' resolves to '::';
2023-03-09 13:55:52 6956 [Note] Server socket created on IP: '::'.
2023-03-11 08:17:56 2304 [Note] Plugin 'FEDERATED' is disabled.
2023-03-11 08:17:56 2304 [Note] InnoDB: The InnoDB memory heap is disabled
2023-03-11 08:17:56 2304 [Note] InnoDB: Mutexes and rw_locks use Windows interlocked functions
2023-03-11 08:17:56 2304 [Note] InnoDB: Compressed tables use zlib 1.2.3
2023-03-11 08:17:56 2304 [Note] InnoDB: Not using CPU crc32 instructions
2023-03-11 08:17:56 2304 [Note] InnoDB: Initializing buffer pool, size = 128.0M
2023-03-11 08:17:56 2304 [Note] InnoDB: Completed initialization of buffer pool
2023-03-11 08:17:56 2304 [Note] InnoDB: Highest supported file format is Barracuda.
2023-03-11 08:17:56 2304 [Note] InnoDB: The log sequence numbers 1626134 and 1626134 in ibdata files do not match the log sequence number 1649535 in the ib_logfiles!
2023-03-11 08:17:56 2304 [Note] InnoDB: Database was not shutdown normally!
2023-03-11 08:17:56 2304 [Note] InnoDB: Starting crash recovery.
2023-03-11 08:17:56 2304 [Note] InnoDB: Reading tablespace information from the .ibd files...
2023-03-11 08:17:56 2304 [Note] InnoDB: Restoring possible half-written data pages 
2023-03-11 08:17:56 2304 [Note] InnoDB: from the doublewrite buffer...
2023-03-11 08:17:56 2304 [Note] InnoDB: 128 rollback segment(s) are active.
2023-03-11 08:17:56 2304 [Note] InnoDB: Waiting for purge to start
2023-03-11 08:17:56 2304 [Note] InnoDB: 5.6.13 started; log sequence number 1649535
2023-03-11 08:17:56 2304 [Note] Server hostname (bind-address): '*'; port: 3307
2023-03-11 08:17:56 2304 [Note] IPv6 is available.
2023-03-11 08:17:56 2304 [Note]   - '::' resolves to '::';
2023-03-11 08:17:56 2304 [Note] Server socket created on IP: '::'.
2023-03-11 10:45:54 14596 [Note] Plugin 'FEDERATED' is disabled.
2023-03-11 10:45:54 14596 [Note] InnoDB: The InnoDB memory heap is disabled
2023-03-11 10:45:54 14596 [Note] InnoDB: Mutexes and rw_locks use Windows interlocked functions
2023-03-11 10:45:54 14596 [Note] InnoDB: Compressed tables use zlib 1.2.3
2023-03-11 10:45:54 14596 [Note] InnoDB: Not using CPU crc32 instructions
2023-03-11 10:45:54 14596 [Note] InnoDB: Initializing buffer pool, size = 128.0M
2023-03-11 10:45:54 14596 [Note] InnoDB: Completed initialization of buffer pool
2023-03-11 10:45:54 14596 [ERROR] InnoDB: C:\Users\istsc\Desktop\USBWebserver v8.6\mysql\data\ibdata1 can't be opened in read-write mode
2023-03-11 10:45:54 14596 [ERROR] InnoDB: The system tablespace must be writable!
2023-03-11 10:45:54 14596 [ERROR] Plugin 'InnoDB' init function returned error.
2023-03-11 10:45:54 14596 [ERROR] Plugin 'InnoDB' registration as a STORAGE ENGINE failed.
2023-03-11 10:45:54 14596 [ERROR] Unknown/unsupported storage engine: InnoDB
2023-03-11 10:45:54 14596 [ERROR] Aborting

2023-03-11 10:45:54 14596 [Note] Binlog end
2023-03-11 10:45:54 14596 [Note] Shutting down plugin 'partition'
2023-03-11 10:45:54 14596 [Note] Shutting down plugin 'PERFORMANCE_SCHEMA'
2023-03-11 10:45:54 14596 [Note] Shutting down plugin 'INNODB_SYS_DATAFILES'
2023-03-11 10:45:54 14596 [Note] Shutting down plugin 'INNODB_SYS_TABLESPACES'
2023-03-11 10:45:54 14596 [Note] Shutting down plugin 'INNODB_SYS_FOREIGN_COLS'
2023-03-11 10:45:54 14596 [Note] Shutting down plugin 'INNODB_SYS_FOREIGN'
2023-03-11 10:45:54 14596 [Note] Shutting down plugin 'INNODB_SYS_FIELDS'
2023-03-11 10:45:54 14596 [Note] Shutting down plugin 'INNODB_SYS_COLUMNS'
2023-03-11 10:45:54 14596 [Note] Shutting down plugin 'INNODB_SYS_INDEXES'
2023-03-11 10:45:54 14596 [Note] Shutting down plugin 'INNODB_SYS_TABLESTATS'
2023-03-11 10:45:54 14596 [Note] Shutting down plugin 'INNODB_SYS_TABLES'
2023-03-11 10:45:54 14596 [Note] Shutting down plugin 'INNODB_FT_INDEX_TABLE'
2023-03-11 10:45:54 14596 [Note] Shutting down plugin 'INNODB_FT_INDEX_CACHE'
2023-03-11 10:45:54 14596 [Note] Shutting down plugin 'INNODB_FT_CONFIG'
2023-03-11 10:45:54 14596 [Note] Shutting down plugin 'INNODB_FT_BEING_DELETED'
2023-03-11 10:45:54 14596 [Note] Shutting down plugin 'INNODB_FT_DELETED'
2023-03-11 10:45:54 14596 [Note] Shutting down plugin 'INNODB_FT_DEFAULT_STOPWORD'
2023-03-11 10:45:54 14596 [Note] Shutting down plugin 'INNODB_METRICS'
2023-03-11 10:45:54 14596 [Note] Shutting down plugin 'INNODB_BUFFER_POOL_STATS'
2023-03-11 10:45:54 14596 [Note] Shutting down plugin 'INNODB_BUFFER_PAGE_LRU'
2023-03-11 10:45:54 14596 [Note] Shutting down plugin 'INNODB_BUFFER_PAGE'
2023-03-11 10:45:54 14596 [Note] Shutting down plugin 'INNODB_CMP_PER_INDEX_RESET'
2023-03-11 10:45:54 14596 [Note] Shutting down plugin 'INNODB_CMP_PER_INDEX'
2023-03-11 10:45:54 14596 [Note] Shutting down plugin 'INNODB_CMPMEM_RESET'
2023-03-11 10:45:54 14596 [Note] Shutting down plugin 'INNODB_CMPMEM'
2023-03-11 10:45:54 14596 [Note] Shutting down plugin 'INNODB_CMP_RESET'
2023-03-11 10:45:54 14596 [Note] Shutting down plugin 'INNODB_CMP'
2023-03-11 10:45:54 14596 [Note] Shutting down plugin 'INNODB_LOCK_WAITS'
2023-03-11 10:45:54 14596 [Note] Shutting down plugin 'INNODB_LOCKS'
2023-03-11 10:45:54 14596 [Note] Shutting down plugin 'INNODB_TRX'
2023-03-11 10:45:54 14596 [Note] Shutting down plugin 'BLACKHOLE'
2023-03-11 10:45:54 14596 [Note] Shutting down plugin 'ARCHIVE'
2023-03-11 10:45:54 14596 [Note] Shutting down plugin 'MRG_MYISAM'
2023-03-11 10:45:54 14596 [Note] Shutting down plugin 'MyISAM'
2023-03-11 10:45:54 14596 [Note] Shutting down plugin 'MEMORY'
2023-03-11 10:45:54 14596 [Note] Shutting down plugin 'CSV'
2023-03-11 10:45:54 14596 [Note] Shutting down plugin 'sha256_password'
2023-03-11 10:45:54 14596 [Note] Shutting down plugin 'mysql_old_password'
2023-03-11 10:45:54 14596 [Note] Shutting down plugin 'mysql_native_password'
2023-03-11 10:45:54 14596 [Note] Shutting down plugin 'binlog'
2023-03-11 10:45:54 14596 [Note] C:\Users\istsc\Desktop\USBWebserver v8.6/mysql/bin/mysqld_usbwv8.exe: Shutdown complete

2023-03-11 10:46:04 15960 [Note] Plugin 'FEDERATED' is disabled.
2023-03-11 10:46:04 15960 [Note] InnoDB: The InnoDB memory heap is disabled
2023-03-11 10:46:04 15960 [Note] InnoDB: Mutexes and rw_locks use Windows interlocked functions
2023-03-11 10:46:04 15960 [Note] InnoDB: Compressed tables use zlib 1.2.3
2023-03-11 10:46:04 15960 [Note] InnoDB: Not using CPU crc32 instructions
2023-03-11 10:46:04 15960 [Note] InnoDB: Initializing buffer pool, size = 128.0M
2023-03-11 10:46:05 15960 [Note] InnoDB: Completed initialization of buffer pool
2023-03-11 10:46:05 15960 [Note] InnoDB: Highest supported file format is Barracuda.
2023-03-11 10:46:05 15960 [Note] InnoDB: The log sequence numbers 1626134 and 1626134 in ibdata files do not match the log sequence number 1649687 in the ib_logfiles!
2023-03-11 10:46:05 15960 [Note] InnoDB: Database was not shutdown normally!
2023-03-11 10:46:05 15960 [Note] InnoDB: Starting crash recovery.
2023-03-11 10:46:05 15960 [Note] InnoDB: Reading tablespace information from the .ibd files...
2023-03-11 10:46:05 15960 [Note] InnoDB: Restoring possible half-written data pages 
2023-03-11 10:46:05 15960 [Note] InnoDB: from the doublewrite buffer...
2023-03-11 10:46:05 15960 [Note] InnoDB: 128 rollback segment(s) are active.
2023-03-11 10:46:05 15960 [Note] InnoDB: Waiting for purge to start
2023-03-11 10:46:05 15960 [Note] InnoDB: 5.6.13 started; log sequence number 1649687
2023-03-11 10:46:05 15960 [Note] Server hostname (bind-address): '*'; port: 3307
2023-03-11 10:46:05 15960 [Note] IPv6 is available.
2023-03-11 10:46:05 15960 [Note]   - '::' resolves to '::';
2023-03-11 10:46:05 15960 [Note] Server socket created on IP: '::'.
2023-03-11 12:31:37 5680 [Note] Plugin 'FEDERATED' is disabled.
2023-03-11 12:31:37 5680 [Note] InnoDB: The InnoDB memory heap is disabled
2023-03-11 12:31:37 5680 [Note] InnoDB: Mutexes and rw_locks use Windows interlocked functions
2023-03-11 12:31:37 5680 [Note] InnoDB: Compressed tables use zlib 1.2.3
2023-03-11 12:31:37 5680 [Note] InnoDB: Not using CPU crc32 instructions
2023-03-11 12:31:37 5680 [Note] InnoDB: Initializing buffer pool, size = 128.0M
2023-03-11 12:31:37 5680 [Note] InnoDB: Completed initialization of buffer pool
2023-03-11 12:31:37 5680 [Note] InnoDB: Highest supported file format is Barracuda.
2023-03-11 12:31:37 5680 [Note] InnoDB: The log sequence numbers 1626134 and 1626134 in ibdata files do not match the log sequence number 1649697 in the ib_logfiles!
2023-03-11 12:31:37 5680 [Note] InnoDB: Database was not shutdown normally!
2023-03-11 12:31:37 5680 [Note] InnoDB: Starting crash recovery.
2023-03-11 12:31:37 5680 [Note] InnoDB: Reading tablespace information from the .ibd files...
2023-03-11 12:31:37 5680 [Note] InnoDB: Restoring possible half-written data pages 
2023-03-11 12:31:37 5680 [Note] InnoDB: from the doublewrite buffer...
2023-03-11 12:31:37 5680 [Note] InnoDB: 128 rollback segment(s) are active.
2023-03-11 12:31:37 5680 [Note] InnoDB: Waiting for purge to start
2023-03-11 12:31:37 5680 [Note] InnoDB: 5.6.13 started; log sequence number 1649697
2023-03-11 12:31:37 5680 [Note] Server hostname (bind-address): '*'; port: 3307
2023-03-11 12:31:37 5680 [Note] IPv6 is available.
2023-03-11 12:31:37 5680 [Note]   - '::' resolves to '::';
2023-03-11 12:31:37 5680 [Note] Server socket created on IP: '::'.
2023-03-11 12:36:09 11908 [Note] Plugin 'FEDERATED' is disabled.
2023-03-11 12:36:09 11908 [Note] InnoDB: The InnoDB memory heap is disabled
2023-03-11 12:36:09 11908 [Note] InnoDB: Mutexes and rw_locks use Windows interlocked functions
2023-03-11 12:36:09 11908 [Note] InnoDB: Compressed tables use zlib 1.2.3
2023-03-11 12:36:09 11908 [Note] InnoDB: Not using CPU crc32 instructions
2023-03-11 12:36:09 11908 [Note] InnoDB: Initializing buffer pool, size = 128.0M
2023-03-11 12:36:10 11908 [Note] InnoDB: Completed initialization of buffer pool
2023-03-11 12:36:10 11908 [Note] InnoDB: Highest supported file format is Barracuda.
2023-03-11 12:36:10 11908 [Note] InnoDB: The log sequence numbers 1626134 and 1626134 in ibdata files do not match the log sequence number 1649707 in the ib_logfiles!
2023-03-11 12:36:10 11908 [Note] InnoDB: Database was not shutdown normally!
2023-03-11 12:36:10 11908 [Note] InnoDB: Starting crash recovery.
2023-03-11 12:36:10 11908 [Note] InnoDB: Reading tablespace information from the .ibd files...
2023-03-11 12:36:10 11908 [Note] InnoDB: Restoring possible half-written data pages 
2023-03-11 12:36:10 11908 [Note] InnoDB: from the doublewrite buffer...
2023-03-11 12:36:10 11908 [Note] InnoDB: 128 rollback segment(s) are active.
2023-03-11 12:36:10 11908 [Note] InnoDB: Waiting for purge to start
2023-03-11 12:36:10 11908 [Note] InnoDB: 5.6.13 started; log sequence number 1649707
2023-03-11 12:36:10 11908 [Note] Server hostname (bind-address): '*'; port: 3307
2023-03-11 12:36:10 11908 [Note] IPv6 is available.
2023-03-11 12:36:10 11908 [Note]   - '::' resolves to '::';
2023-03-11 12:36:10 11908 [Note] Server socket created on IP: '::'.
2023-03-11 12:42:44 12712 [Note] Plugin 'FEDERATED' is disabled.
2023-03-11 12:42:44 12712 [Note] InnoDB: The InnoDB memory heap is disabled
2023-03-11 12:42:44 12712 [Note] InnoDB: Mutexes and rw_locks use Windows interlocked functions
2023-03-11 12:42:44 12712 [Note] InnoDB: Compressed tables use zlib 1.2.3
2023-03-11 12:42:44 12712 [Note] InnoDB: Not using CPU crc32 instructions
2023-03-11 12:42:44 12712 [Note] InnoDB: Initializing buffer pool, size = 128.0M
2023-03-11 12:42:44 12712 [Note] InnoDB: Completed initialization of buffer pool
2023-03-11 12:42:44 12712 [Note] InnoDB: Highest supported file format is Barracuda.
2023-03-11 12:42:44 12712 [Note] InnoDB: The log sequence numbers 1626134 and 1626134 in ibdata files do not match the log sequence number 1649717 in the ib_logfiles!
2023-03-11 12:42:44 12712 [Note] InnoDB: Database was not shutdown normally!
2023-03-11 12:42:44 12712 [Note] InnoDB: Starting crash recovery.
2023-03-11 12:42:44 12712 [Note] InnoDB: Reading tablespace information from the .ibd files...
2023-03-11 12:42:44 12712 [Note] InnoDB: Restoring possible half-written data pages 
2023-03-11 12:42:44 12712 [Note] InnoDB: from the doublewrite buffer...
2023-03-11 12:42:44 12712 [Note] InnoDB: 128 rollback segment(s) are active.
2023-03-11 12:42:44 12712 [Note] InnoDB: Waiting for purge to start
2023-03-11 12:42:44 12712 [Note] InnoDB: 5.6.13 started; log sequence number 1649717
2023-03-11 12:42:44 12712 [Note] Server hostname (bind-address): '*'; port: 3307
2023-03-11 12:42:44 12712 [Note] IPv6 is available.
2023-03-11 12:42:44 12712 [Note]   - '::' resolves to '::';
2023-03-11 12:42:44 12712 [Note] Server socket created on IP: '::'.
2023-03-11 12:42:44 12712 [ERROR] Can't start server: Bind on TCP/IP port: No such file or directory
2023-03-11 12:42:44 12712 [ERROR] Do you already have another mysqld server running on port: 3307 ?
2023-03-11 12:42:44 12712 [ERROR] Aborting

2023-03-11 12:42:44 12712 [Note] Binlog end
2023-03-11 12:42:44 12712 [Note] Shutting down plugin 'partition'
2023-03-11 12:42:44 12712 [Note] Shutting down plugin 'PERFORMANCE_SCHEMA'
2023-03-11 12:42:44 12712 [Note] Shutting down plugin 'INNODB_SYS_DATAFILES'
2023-03-11 12:42:44 12712 [Note] Shutting down plugin 'INNODB_SYS_TABLESPACES'
2023-03-11 12:42:44 12712 [Note] Shutting down plugin 'INNODB_SYS_FOREIGN_COLS'
2023-03-11 12:42:44 12712 [Note] Shutting down plugin 'INNODB_SYS_FOREIGN'
2023-03-11 12:42:44 12712 [Note] Shutting down plugin 'INNODB_SYS_FIELDS'
2023-03-11 12:42:44 12712 [Note] Shutting down plugin 'INNODB_SYS_COLUMNS'
2023-03-11 12:42:44 12712 [Note] Shutting down plugin 'INNODB_SYS_INDEXES'
2023-03-11 12:42:44 12712 [Note] Shutting down plugin 'INNODB_SYS_TABLESTATS'
2023-03-11 12:42:44 12712 [Note] Shutting down plugin 'INNODB_SYS_TABLES'
2023-03-11 12:42:44 12712 [Note] Shutting down plugin 'INNODB_FT_INDEX_TABLE'
2023-03-11 12:42:44 12712 [Note] Shutting down plugin 'INNODB_FT_INDEX_CACHE'
2023-03-11 12:42:44 12712 [Note] Shutting down plugin 'INNODB_FT_CONFIG'
2023-03-11 12:42:44 12712 [Note] Shutting down plugin 'INNODB_FT_BEING_DELETED'
2023-03-11 12:42:44 12712 [Note] Shutting down plugin 'INNODB_FT_DELETED'
2023-03-11 12:42:44 12712 [Note] Shutting down plugin 'INNODB_FT_DEFAULT_STOPWORD'
2023-03-11 12:42:44 12712 [Note] Shutting down plugin 'INNODB_METRICS'
2023-03-11 12:42:44 12712 [Note] Shutting down plugin 'INNODB_BUFFER_POOL_STATS'
2023-03-11 12:42:44 12712 [Note] Shutting down plugin 'INNODB_BUFFER_PAGE_LRU'
2023-03-11 12:42:44 12712 [Note] Shutting down plugin 'INNODB_BUFFER_PAGE'
2023-03-11 12:42:44 12712 [Note] Shutting down plugin 'INNODB_CMP_PER_INDEX_RESET'
2023-03-11 12:42:44 12712 [Note] Shutting down plugin 'INNODB_CMP_PER_INDEX'
2023-03-11 12:42:44 12712 [Note] Shutting down plugin 'INNODB_CMPMEM_RESET'
2023-03-11 12:42:44 12712 [Note] Shutting down plugin 'INNODB_CMPMEM'
2023-03-11 12:42:44 12712 [Note] Shutting down plugin 'INNODB_CMP_RESET'
2023-03-11 12:42:44 12712 [Note] Shutting down plugin 'INNODB_CMP'
2023-03-11 12:42:44 12712 [Note] Shutting down plugin 'INNODB_LOCK_WAITS'
2023-03-11 12:42:44 12712 [Note] Shutting down plugin 'INNODB_LOCKS'
2023-03-11 12:42:44 12712 [Note] Shutting down plugin 'INNODB_TRX'
2023-03-11 12:42:44 12712 [Note] Shutting down plugin 'InnoDB'
2023-03-11 12:42:44 12712 [Note] InnoDB: FTS optimize thread exiting.
2023-03-11 12:42:44 12712 [Note] InnoDB: Starting shutdown...
2023-03-11 12:42:46 12712 [Note] InnoDB: Shutdown completed; log sequence number 1649727
2023-03-11 12:42:46 12712 [Note] Shutting down plugin 'BLACKHOLE'
2023-03-11 12:42:46 12712 [Note] Shutting down plugin 'ARCHIVE'
2023-03-11 12:42:46 12712 [Note] Shutting down plugin 'MRG_MYISAM'
2023-03-11 12:42:46 12712 [Note] Shutting down plugin 'MyISAM'
2023-03-11 12:42:46 12712 [Note] Shutting down plugin 'MEMORY'
2023-03-11 12:42:46 12712 [Note] Shutting down plugin 'CSV'
2023-03-11 12:42:46 12712 [Note] Shutting down plugin 'sha256_password'
2023-03-11 12:42:46 12712 [Note] Shutting down plugin 'mysql_old_password'
2023-03-11 12:42:46 12712 [Note] Shutting down plugin 'mysql_native_password'
2023-03-11 12:42:46 12712 [Note] Shutting down plugin 'binlog'
2023-03-11 12:42:46 12712 [Note] C:\Users\istsc\Desktop\Jaunvardotajs/mysql/bin/mysqld_usbwv8.exe: Shutdown complete

2023-03-11 12:42:50 2344 [Note] Plugin 'FEDERATED' is disabled.
2023-03-11 12:42:50 2344 [Note] InnoDB: The InnoDB memory heap is disabled
2023-03-11 12:42:50 2344 [Note] InnoDB: Mutexes and rw_locks use Windows interlocked functions
2023-03-11 12:42:50 2344 [Note] InnoDB: Compressed tables use zlib 1.2.3
2023-03-11 12:42:50 2344 [Note] InnoDB: Not using CPU crc32 instructions
2023-03-11 12:42:50 2344 [Note] InnoDB: Initializing buffer pool, size = 128.0M
2023-03-11 12:42:50 2344 [Note] InnoDB: Completed initialization of buffer pool
2023-03-11 12:42:50 2344 [Note] InnoDB: Highest supported file format is Barracuda.
2023-03-11 12:42:50 2344 [Note] InnoDB: 128 rollback segment(s) are active.
2023-03-11 12:42:50 2344 [Note] InnoDB: Waiting for purge to start
2023-03-11 12:42:51 2344 [Note] InnoDB: 5.6.13 started; log sequence number 1649727
2023-03-11 12:42:51 2344 [Note] Server hostname (bind-address): '*'; port: 3307
2023-03-11 12:42:51 2344 [Note] IPv6 is available.
2023-03-11 12:42:51 2344 [Note]   - '::' resolves to '::';
2023-03-11 12:42:51 2344 [Note] Server socket created on IP: '::'.
2023-03-11 12:50:49 14832 [Note] Plugin 'FEDERATED' is disabled.
2023-03-11 12:50:49 14832 [Note] InnoDB: The InnoDB memory heap is disabled
2023-03-11 12:50:49 14832 [Note] InnoDB: Mutexes and rw_locks use Windows interlocked functions
2023-03-11 12:50:49 14832 [Note] InnoDB: Compressed tables use zlib 1.2.3
2023-03-11 12:50:49 14832 [Note] InnoDB: Not using CPU crc32 instructions
2023-03-11 12:50:49 14832 [Note] InnoDB: Initializing buffer pool, size = 128.0M
2023-03-11 12:50:49 14832 [Note] InnoDB: Completed initialization of buffer pool
2023-03-11 12:50:49 14832 [Note] InnoDB: Highest supported file format is Barracuda.
2023-03-11 12:50:49 14832 [Note] InnoDB: The log sequence numbers 1649727 and 1649727 in ibdata files do not match the log sequence number 1649737 in the ib_logfiles!
2023-03-11 12:50:49 14832 [Note] InnoDB: Database was not shutdown normally!
2023-03-11 12:50:49 14832 [Note] InnoDB: Starting crash recovery.
2023-03-11 12:50:49 14832 [Note] InnoDB: Reading tablespace information from the .ibd files...
2023-03-11 12:50:49 14832 [Note] InnoDB: Restoring possible half-written data pages 
2023-03-11 12:50:49 14832 [Note] InnoDB: from the doublewrite buffer...
2023-03-11 12:50:49 14832 [Note] InnoDB: 128 rollback segment(s) are active.
2023-03-11 12:50:49 14832 [Note] InnoDB: Waiting for purge to start
2023-03-11 12:50:49 14832 [Note] InnoDB: 5.6.13 started; log sequence number 1649737
2023-03-11 12:50:49 14832 [Note] Server hostname (bind-address): '*'; port: 3307
2023-03-11 12:50:49 14832 [Note] IPv6 is available.
2023-03-11 12:50:49 14832 [Note]   - '::' resolves to '::';
2023-03-11 12:50:49 14832 [Note] Server socket created on IP: '::'.
