2023-03-21 23:08:10 20176 [Note] Plugin 'FEDERATED' is disabled.
2023-03-21 23:08:10 20176 [Note] InnoDB: The InnoDB memory heap is disabled
2023-03-21 23:08:10 20176 [Note] InnoDB: Mutexes and rw_locks use Windows interlocked functions
2023-03-21 23:08:10 20176 [Note] InnoDB: Compressed tables use zlib 1.2.3
2023-03-21 23:08:10 20176 [Note] InnoDB: Not using CPU crc32 instructions
2023-03-21 23:08:10 20176 [Note] InnoDB: Initializing buffer pool, size = 128.0M
2023-03-21 23:08:10 20176 [Note] InnoDB: Completed initialization of buffer pool
2023-03-21 23:08:10 20176 [Note] InnoDB: Highest supported file format is Barracuda.
2023-03-21 23:08:10 20176 [Note] InnoDB: The log sequence numbers 1626134 and 1626134 in ibdata files do not match the log sequence number 2286054 in the ib_logfiles!
2023-03-21 23:08:10 20176 [Note] InnoDB: Database was not shutdown normally!
2023-03-21 23:08:10 20176 [Note] InnoDB: Starting crash recovery.
2023-03-21 23:08:10 20176 [Note] InnoDB: Reading tablespace information from the .ibd files...
2023-03-21 23:08:10 20176 [Note] InnoDB: Restoring possible half-written data pages 
2023-03-21 23:08:10 20176 [Note] InnoDB: from the doublewrite buffer...
2023-03-21 23:08:11 20176 [Note] InnoDB: 128 rollback segment(s) are active.
2023-03-21 23:08:11 20176 [Note] InnoDB: Waiting for purge to start
2023-03-21 23:08:11 20176 [Note] InnoDB: 5.6.13 started; log sequence number 2286054
2023-03-21 23:08:11 20176 [Note] Server hostname (bind-address): '*'; port: 3307
2023-03-21 23:08:11 20176 [Note] IPv6 is available.
2023-03-21 23:08:11 20176 [Note]   - '::' resolves to '::';
2023-03-21 23:08:11 20176 [Note] Server socket created on IP: '::'.
2023-03-21 23:08:31 5180 [Note] Plugin 'FEDERATED' is disabled.
2023-03-21 23:08:31 5180 [Note] InnoDB: The InnoDB memory heap is disabled
2023-03-21 23:08:31 5180 [Note] InnoDB: Mutexes and rw_locks use Windows interlocked functions
2023-03-21 23:08:31 5180 [Note] InnoDB: Compressed tables use zlib 1.2.3
2023-03-21 23:08:31 5180 [Note] InnoDB: Not using CPU crc32 instructions
2023-03-21 23:08:31 5180 [Note] InnoDB: Initializing buffer pool, size = 128.0M
2023-03-21 23:08:31 5180 [Note] InnoDB: Completed initialization of buffer pool
2023-03-21 23:08:31 5180 [Note] InnoDB: Highest supported file format is Barracuda.
2023-03-21 23:08:31 5180 [Note] InnoDB: The log sequence numbers 1626134 and 1626134 in ibdata files do not match the log sequence number 2286064 in the ib_logfiles!
2023-03-21 23:08:31 5180 [Note] InnoDB: Database was not shutdown normally!
2023-03-21 23:08:31 5180 [Note] InnoDB: Starting crash recovery.
2023-03-21 23:08:31 5180 [Note] InnoDB: Reading tablespace information from the .ibd files...
2023-03-21 23:08:31 5180 [Note] InnoDB: Restoring possible half-written data pages 
2023-03-21 23:08:31 5180 [Note] InnoDB: from the doublewrite buffer...
2023-03-21 23:08:31 5180 [Note] InnoDB: 128 rollback segment(s) are active.
2023-03-21 23:08:31 5180 [Note] InnoDB: Waiting for purge to start
2023-03-21 23:08:31 5180 [Note] InnoDB: 5.6.13 started; log sequence number 2286064
2023-03-21 23:08:31 5180 [Note] Server hostname (bind-address): '*'; port: 3307
2023-03-21 23:08:31 5180 [Note] IPv6 is available.
2023-03-21 23:08:31 5180 [Note]   - '::' resolves to '::';
2023-03-21 23:08:31 5180 [Note] Server socket created on IP: '::'.
2023-03-21 23:10:22 10024 [Note] Plugin 'FEDERATED' is disabled.
2023-03-21 23:10:22 10024 [Note] InnoDB: The InnoDB memory heap is disabled
2023-03-21 23:10:22 10024 [Note] InnoDB: Mutexes and rw_locks use Windows interlocked functions
2023-03-21 23:10:22 10024 [Note] InnoDB: Compressed tables use zlib 1.2.3
2023-03-21 23:10:22 10024 [Note] InnoDB: Not using CPU crc32 instructions
2023-03-21 23:10:22 10024 [Note] InnoDB: Initializing buffer pool, size = 128.0M
2023-03-21 23:10:22 10024 [Note] InnoDB: Completed initialization of buffer pool
2023-03-21 23:10:22 10024 [Note] InnoDB: Highest supported file format is Barracuda.
2023-03-21 23:10:22 10024 [Note] InnoDB: The log sequence numbers 1626134 and 1626134 in ibdata files do not match the log sequence number 2286074 in the ib_logfiles!
2023-03-21 23:10:22 10024 [Note] InnoDB: Database was not shutdown normally!
2023-03-21 23:10:22 10024 [Note] InnoDB: Starting crash recovery.
2023-03-21 23:10:22 10024 [Note] InnoDB: Reading tablespace information from the .ibd files...
2023-03-21 23:10:22 10024 [Note] InnoDB: Restoring possible half-written data pages 
2023-03-21 23:10:22 10024 [Note] InnoDB: from the doublewrite buffer...
2023-03-21 23:10:22 10024 [Note] InnoDB: 128 rollback segment(s) are active.
2023-03-21 23:10:22 10024 [Note] InnoDB: Waiting for purge to start
2023-03-21 23:10:22 10024 [Note] InnoDB: 5.6.13 started; log sequence number 2286074
2023-03-21 23:10:22 10024 [Note] Server hostname (bind-address): '*'; port: 3307
2023-03-21 23:10:22 10024 [Note] IPv6 is available.
2023-03-21 23:10:22 10024 [Note]   - '::' resolves to '::';
2023-03-21 23:10:22 10024 [Note] Server socket created on IP: '::'.
